[5772:0922/151620.868633:ERROR:object_proxy.cc(623)] Failed to call method: org.freedesktop.DBus.ListActivatableNames: object_path= /org/freedesktop/DBus: org.freedesktop.DBus.Error.AccessDenied: An AppArmor policy prevents this sender from sending this message to this recipient; type="method_call", sender=":1.96" (uid=1000 pid=5772 comm="/snap/slack/65/usr/lib/slack/slack --no-sandbox --" label="snap.slack.slack (enforce)") interface="org.freedesktop.DBus" member="ListActivatableNames" error name="(unset)" requested_reply="0" destination="org.freedesktop.DBus" (bus)
[5772:0922/151621.135759:WARNING:bluez_dbus_manager.cc(247)] Floss manager not present, cannot set Floss enable/disable.
[5772:0922/151621.328739:ERROR:nss_util.cc(55)] Failed to create /home/dci-student/.pki/nssdb directory.
[5772:0922/151621.329468:ERROR:browser_main_loop.cc(270)] Gtk: gtk_widget_add_accelerator: assertion 'GTK_IS_ACCEL_GROUP (accel_group)' failed
[5772:0922/151621.489133:ERROR:object_proxy.cc(623)] Failed to call method: org.freedesktop.login1.Manager.Inhibit: object_path= /org/freedesktop/login1: org.freedesktop.DBus.Error.AccessDenied: An AppArmor policy prevents this sender from sending this message to this recipient; type="method_call", sender=":1.203" (uid=1000 pid=5772 comm="/snap/slack/65/usr/lib/slack/slack --no-sandbox --" label="snap.slack.slack (enforce)") interface="org.freedesktop.login1.Manager" member="Inhibit" error name="(unset)" requested_reply="0" destination="org.freedesktop.login1" (uid=0 pid=728 comm="/lib/systemd/systemd-logind " label="unconfined")
[5772:0922/152106.980509:ERROR:browser_main_loop.cc(270)] Gtk: gtk_widget_add_accelerator: assertion 'GTK_IS_ACCEL_GROUP (accel_group)' failed
[5772:0922/152107.068446:ERROR:browser_main_loop.cc(270)] Gtk: gtk_widget_add_accelerator: assertion 'GTK_IS_ACCEL_GROUP (accel_group)' failed
[5772:0922/152107.068942:ERROR:browser_main_loop.cc(270)] Gtk: gtk_widget_add_accelerator: assertion 'GTK_IS_ACCEL_GROUP (accel_group)' failed
[5772:0922/152109.242995:ERROR:browser_main_loop.cc(270)] Gtk: gtk_widget_add_accelerator: assertion 'GTK_IS_ACCEL_GROUP (accel_group)' failed
[5772:0922/152109.243555:ERROR:browser_main_loop.cc(270)] Gtk: gtk_widget_add_accelerator: assertion 'GTK_IS_ACCEL_GROUP (accel_group)' failed
[5772:0922/184248.775714:WARNING:x_server_pixel_buffer.cc(202)] Failed to get icc profile
[5810:0922/193651.952598:WARNING:spdy_session.cc(3502)] Received HEADERS for invalid stream 3
[2632:0923/083821.014625:ERROR:object_proxy.cc(623)] Failed to call method: org.freedesktop.DBus.ListActivatableNames: object_path= /org/freedesktop/DBus: org.freedesktop.DBus.Error.AccessDenied: An AppArmor policy prevents this sender from sending this message to this recipient; type="method_call", sender=":1.85" (uid=1000 pid=2632 comm="/snap/slack/65/usr/lib/slack/slack --no-sandbox --" label="snap.slack.slack (enforce)") interface="org.freedesktop.DBus" member="ListActivatableNames" error name="(unset)" requested_reply="0" destination="org.freedesktop.DBus" (bus)
[2632:0923/083821.296663:WARNING:bluez_dbus_manager.cc(247)] Floss manager not present, cannot set Floss enable/disable.
[2632:0923/083821.415377:ERROR:nss_util.cc(232)] Error initializing NSS with a persistent database (sql:/home/dci-student/.pki/nssdb): NSS error code: -8174
[2632:0923/083821.534349:ERROR:browser_main_loop.cc(270)] Gtk: gtk_widget_add_accelerator: assertion 'GTK_IS_ACCEL_GROUP (accel_group)' failed
[2632:0923/083821.534994:ERROR:browser_main_loop.cc(270)] Gtk: gtk_widget_add_accelerator: assertion 'GTK_IS_ACCEL_GROUP (accel_group)' failed
[2632:0923/083821.612092:ERROR:object_proxy.cc(623)] Failed to call method: org.freedesktop.login1.Manager.Inhibit: object_path= /org/freedesktop/login1: org.freedesktop.DBus.Error.AccessDenied: An AppArmor policy prevents this sender from sending this message to this recipient; type="method_call", sender=":1.165" (uid=1000 pid=2632 comm="/snap/slack/65/usr/lib/slack/slack --no-sandbox --" label="snap.slack.slack (enforce)") interface="org.freedesktop.login1.Manager" member="Inhibit" error name="(unset)" requested_reply="0" destination="org.freedesktop.login1" (uid=0 pid=751 comm="/lib/systemd/systemd-logind " label="unconfined")
[2632:0923/083824.666379:ERROR:browser_main_loop.cc(270)] Gtk: gtk_widget_add_accelerator: assertion 'GTK_IS_ACCEL_GROUP (accel_group)' failed
[2632:0923/083824.742679:ERROR:browser_main_loop.cc(270)] Gtk: gtk_widget_add_accelerator: assertion 'GTK_IS_ACCEL_GROUP (accel_group)' failed
[2632:0923/083824.743543:ERROR:browser_main_loop.cc(270)] Gtk: gtk_widget_add_accelerator: assertion 'GTK_IS_ACCEL_GROUP (accel_group)' failed
[2632:0923/083826.528241:ERROR:browser_main_loop.cc(270)] Gtk: gtk_widget_add_accelerator: assertion 'GTK_IS_ACCEL_GROUP (accel_group)' failed
[2632:0923/083826.528797:ERROR:browser_main_loop.cc(270)] Gtk: gtk_widget_add_accelerator: assertion 'GTK_IS_ACCEL_GROUP (accel_group)' failed
[3078:0924/184842.083846:ERROR:object_proxy.cc(623)] Failed to call method: org.freedesktop.DBus.ListActivatableNames: object_path= /org/freedesktop/DBus: org.freedesktop.DBus.Error.AccessDenied: An AppArmor policy prevents this sender from sending this message to this recipient; type="method_call", sender=":1.97" (uid=1000 pid=3078 comm="/snap/slack/65/usr/lib/slack/slack --no-sandbox --" label="snap.slack.slack (enforce)") interface="org.freedesktop.DBus" member="ListActivatableNames" error name="(unset)" requested_reply="0" destination="org.freedesktop.DBus" (bus)
[3078:0924/184842.395760:WARNING:bluez_dbus_manager.cc(247)] Floss manager not present, cannot set Floss enable/disable.
[3078:0924/184842.622837:ERROR:browser_main_loop.cc(270)] Gtk: gtk_widget_add_accelerator: assertion 'GTK_IS_ACCEL_GROUP (accel_group)' failed
[3078:0924/184842.623617:ERROR:browser_main_loop.cc(270)] Gtk: gtk_widget_add_accelerator: assertion 'GTK_IS_ACCEL_GROUP (accel_group)' failed
[3078:0924/184842.638091:ERROR:nss_util.cc(232)] Error initializing NSS with a persistent database (sql:/home/dci-student/.pki/nssdb): NSS error code: -8174
[3078:0924/184842.703625:ERROR:object_proxy.cc(623)] Failed to call method: org.freedesktop.login1.Manager.Inhibit: object_path= /org/freedesktop/login1: org.freedesktop.DBus.Error.AccessDenied: An AppArmor policy prevents this sender from sending this message to this recipient; type="method_call", sender=":1.169" (uid=1000 pid=3078 comm="/snap/slack/65/usr/lib/slack/slack --no-sandbox --" label="snap.slack.slack (enforce)") interface="org.freedesktop.login1.Manager" member="Inhibit" error name="(unset)" requested_reply="0" destination="org.freedesktop.login1" (uid=0 pid=754 comm="/lib/systemd/systemd-logind " label="unconfined")
[3078:0924/184845.799304:ERROR:browser_main_loop.cc(270)] Gtk: gtk_widget_add_accelerator: assertion 'GTK_IS_ACCEL_GROUP (accel_group)' failed
[3078:0924/184845.876218:ERROR:browser_main_loop.cc(270)] Gtk: gtk_widget_add_accelerator: assertion 'GTK_IS_ACCEL_GROUP (accel_group)' failed
[3078:0924/184845.877105:ERROR:browser_main_loop.cc(270)] Gtk: gtk_widget_add_accelerator: assertion 'GTK_IS_ACCEL_GROUP (accel_group)' failed
[3078:0924/184847.380597:ERROR:browser_main_loop.cc(270)] Gtk: gtk_widget_add_accelerator: assertion 'GTK_IS_ACCEL_GROUP (accel_group)' failed
[3078:0924/184847.381140:ERROR:browser_main_loop.cc(270)] Gtk: gtk_widget_add_accelerator: assertion 'GTK_IS_ACCEL_GROUP (accel_group)' failed
[9133:0925/161925.379957:WARNING:bluez_dbus_manager.cc(247)] Floss manager not present, cannot set Floss enable/disable.
[9133:0925/161925.580719:ERROR:browser_main_loop.cc(270)] Gtk: gtk_widget_add_accelerator: assertion 'GTK_IS_ACCEL_GROUP (accel_group)' failed
[9133:0925/161925.581381:ERROR:browser_main_loop.cc(270)] Gtk: gtk_widget_add_accelerator: assertion 'GTK_IS_ACCEL_GROUP (accel_group)' failed
[9133:0925/161925.593702:ERROR:nss_util.cc(232)] Error initializing NSS with a persistent database (sql:/home/dci-student/.pki/nssdb): NSS error code: -8174
[9133:0925/161925.643757:ERROR:object_proxy.cc(623)] Failed to call method: org.freedesktop.login1.Manager.Inhibit: object_path= /org/freedesktop/login1: org.freedesktop.DBus.Error.AccessDenied: An AppArmor policy prevents this sender from sending this message to this recipient; type="method_call", sender=":1.253" (uid=1000 pid=9133 comm="/snap/slack/65/usr/lib/slack/slack --no-sandbox --" label="snap.slack.slack (enforce)") interface="org.freedesktop.login1.Manager" member="Inhibit" error name="(unset)" requested_reply="0" destination="org.freedesktop.login1" (uid=0 pid=759 comm="/lib/systemd/systemd-logind " label="unconfined")
[9133:0925/161928.718426:ERROR:browser_main_loop.cc(270)] Gtk: gtk_widget_add_accelerator: assertion 'GTK_IS_ACCEL_GROUP (accel_group)' failed
[9133:0925/161928.790114:ERROR:browser_main_loop.cc(270)] Gtk: gtk_widget_add_accelerator: assertion 'GTK_IS_ACCEL_GROUP (accel_group)' failed
[9133:0925/161928.791024:ERROR:browser_main_loop.cc(270)] Gtk: gtk_widget_add_accelerator: assertion 'GTK_IS_ACCEL_GROUP (accel_group)' failed
[9133:0925/161930.176699:ERROR:browser_main_loop.cc(270)] Gtk: gtk_widget_add_accelerator: assertion 'GTK_IS_ACCEL_GROUP (accel_group)' failed
[9133:0925/161930.177422:ERROR:browser_main_loop.cc(270)] Gtk: gtk_widget_add_accelerator: assertion 'GTK_IS_ACCEL_GROUP (accel_group)' failed
[3872:0926/085251.224209:WARNING:bluez_dbus_manager.cc(247)] Floss manager not present, cannot set Floss enable/disable.
[3872:0926/085251.362654:ERROR:nss_util.cc(232)] Error initializing NSS with a persistent database (sql:/home/dci-student/.pki/nssdb): NSS error code: -8174
[3872:0926/085251.451440:ERROR:browser_main_loop.cc(270)] Gtk: gtk_widget_add_accelerator: assertion 'GTK_IS_ACCEL_GROUP (accel_group)' failed
[3872:0926/085251.452079:ERROR:browser_main_loop.cc(270)] Gtk: gtk_widget_add_accelerator: assertion 'GTK_IS_ACCEL_GROUP (accel_group)' failed
[3872:0926/085251.506729:ERROR:object_proxy.cc(623)] Failed to call method: org.freedesktop.login1.Manager.Inhibit: object_path= /org/freedesktop/login1: org.freedesktop.DBus.Error.AccessDenied: An AppArmor policy prevents this sender from sending this message to this recipient; type="method_call", sender=":1.176" (uid=1000 pid=3872 comm="/snap/slack/65/usr/lib/slack/slack --no-sandbox --" label="snap.slack.slack (enforce)") interface="org.freedesktop.login1.Manager" member="Inhibit" error name="(unset)" requested_reply="0" destination="org.freedesktop.login1" (uid=0 pid=749 comm="/lib/systemd/systemd-logind " label="unconfined")
[3872:0926/085254.615859:ERROR:browser_main_loop.cc(270)] Gtk: gtk_widget_add_accelerator: assertion 'GTK_IS_ACCEL_GROUP (accel_group)' failed
[3872:0926/085254.684957:ERROR:browser_main_loop.cc(270)] Gtk: gtk_widget_add_accelerator: assertion 'GTK_IS_ACCEL_GROUP (accel_group)' failed
[3872:0926/085254.685660:ERROR:browser_main_loop.cc(270)] Gtk: gtk_widget_add_accelerator: assertion 'GTK_IS_ACCEL_GROUP (accel_group)' failed
[3872:0926/085256.192624:ERROR:browser_main_loop.cc(270)] Gtk: gtk_widget_add_accelerator: assertion 'GTK_IS_ACCEL_GROUP (accel_group)' failed
[3872:0926/085256.193142:ERROR:browser_main_loop.cc(270)] Gtk: gtk_widget_add_accelerator: assertion 'GTK_IS_ACCEL_GROUP (accel_group)' failed
